<?xml version="1.0" encoding="UTF-8"?>
<testng-results ignored="0" total="1" passed="1" failed="0" skipped="0">
  <reporter-output>
  </reporter-output>
  <suite started-at="2021-04-23T16:41:55 IST" name="Default suite" finished-at="2021-04-23T16:43:08 IST" duration-ms="72929">
    <groups>
    </groups>
    <test started-at="2021-04-23T16:41:55 IST" name="Default test" finished-at="2021-04-23T16:43:08 IST" duration-ms="72929">
      <class name="com.symbion.shop.testcases.orderStatusTest">
        <test-method is-config="true" signature="setUp()[pri:0, instance:com.symbion.shop.testcases.orderStatusTest@333291e3]" started-at="2021-04-23T16:41:55 IST" name="setUp" finished-at="2021-04-23T16:42:15 IST" duration-ms="19759" status="PASS">
          <reporter-output>
          </reporter-output>
        </test-method> <!-- setUp -->
        <test-method signature="orderStatusConfirmation()[pri:0, instance:com.symbion.shop.testcases.orderStatusTest@333291e3]" started-at="2021-04-23T16:42:15 IST" name="orderStatusConfirmation" finished-at="2021-04-23T16:43:08 IST" duration-ms="52948" status="PASS">
          <reporter-output>
          </reporter-output>
        </test-method> <!-- orderStatusConfirmation -->
        <test-method is-config="true" signature="teardown()[pri:0, instance:com.symbion.shop.testcases.orderStatusTest@333291e3]" started-at="2021-04-23T16:43:08 IST" name="teardown" finished-at="2021-04-23T16:43:08 IST" duration-ms="179" status="PASS">
          <reporter-output>
          </reporter-output>
        </test-method> <!-- teardown -->
      </class> <!-- com.symbion.shop.testcases.orderStatusTest -->
    </test> <!-- Default test -->
  </suite> <!-- Default suite -->
</testng-results>
