<?xml version="1.0" encoding="UTF-8"?>
<!-- Generated by org.testng.reporters.JUnitReportReporter -->
<testsuite hostname="DESKTOP-H3SNJHA" failures="0" tests="1" name="com.symbion.shop.testcases.submitOrderConfirmationTest" time="65.137" errors="0" timestamp="2021-04-18T13:29:12 IST" skipped="0">
  <testcase classname="com.symbion.shop.testcases.submitOrderConfirmationTest" name="placeOrderButtonClick" time="65.137"/>
  <system-out/>
</testsuite> <!-- com.symbion.shop.testcases.submitOrderConfirmationTest -->
